runcpu v6247 started at 2021-10-14 18:05:09 on "time-x"
runcpu is: /u/home/hettwer/cpu2017/bin/harness/runcpu
runcpu: runcpu --ignore_errors --iterations=2 --size=refspeed --noreportable --config=sbt-optimize-all-with-hash-table --action=run 623.xalancbmk_s
toolset: linux-x86_64
suite: CPU2017 1.1.0

Locating benchmarks...found 47 benchmarks in 53 benchsets.
Reading config file '/u/home/hettwer/cpu2017/config/sbt-optimize-all-with-hash-table.cfg'

1 configuration selected:

 Action    Run Mode   Workload      Report Type      Benchmarks
--------   --------   --------   -----------------   --------------------------
validate   speed      refspeed   SPECspeed2017_int   623.xalancbmk_s           
-------------------------------------------------------------------------------

Setting up environment for running 623.xalancbmk_s...
Starting runcpu for 623.xalancbmk_s...
Running "specperl /u/home/hettwer/cpu2017/bin/sysinfo" to gather system information.
sysinfo: r6365 of 2019-08-21 (295195f888a3d7edb1e6e46a485a0011)
sysinfo: Getting system information for Linux...
sysinfo: ...getting CPU info
sysinfo: ...getting info from numactl
sysinfo: ...getting memory info
sysinfo: ...getting OS info
sysinfo: ...getting CPU vulnerability status from the kernel
sysinfo: ...getting disk info
sysinfo: ...trying to get info from /sys/devices/virtual/dmi/id
sysinfo: ...trying to get info from dmidecode
Retrieving flags file (/u/home/hettwer/cpu2017/config/flags/gcc.xml)...
Verbosity = 5
Action    = validate
Tune      = base
Label     = sbt-optimize-all-m64
Size      = refspeed
benchmarks= 623.xalancbmk_s
outputs   = txt,html,cfg,pdf,csv
username  = hettwer
Environment settings:
LD_LIBRARY_PATH = "%{gcc_dir}/lib64/:%{gcc_dir}/lib/:/lib64"

Benchmarks selected: 623.xalancbmk_s
Compiling Binaries
------------------------------------------------------------------------
COMP: "/u/home/hettwer/toolchains/rv64g/bin/riscv64-unknown-linux-gnu-g++     -std=c++03 -c -o options.o -DSPEC -DNDEBUG  -DAPP_NO_THREADS -DXALAN_INMEM_MSG_LOADER -I. -Ixercesc -Ixercesc/dom -Ixercesc/dom/impl -Ixercesc/sax -Ixercesc/util/MsgLoaders/InMemory -Ixercesc/util/Transcoders/Iconv -Ixalanc/include -DPROJ_XMLPARSER -DPROJ_XMLUTIL -DPROJ_PARSERS -DPROJ_SAX4C -DPROJ_SAX2 -DPROJ_DOM -DPROJ_VALIDATORS -DXML_USE_INMEM_MESSAGELOADER -O3 -fno-unsafe-math-optimizations -fcommon -static    -DSPEC_LINUX   -fno-openmp -DSPEC_SUPPRESS_OPENMP  -DSPEC_LP64  <source>"
C: CXXC="/u/home/hettwer/toolchains/rv64g/bin/riscv64-unknown-linux-gnu-g++     -std=c++03"
C: CXXOBJOPT="-c -o options"
P: CPUFLAGS="-DSPEC -DNDEBUG"
P: BENCH_FLAGS=""
P: BENCH_CXXFLAGS="-DAPP_NO_THREADS -DXALAN_INMEM_MSG_LOADER -I. -Ixercesc -Ixercesc/dom -Ixercesc/dom/impl -Ixercesc/sax -Ixercesc/util/MsgLoaders/InMemory -Ixercesc/util/Transcoders/Iconv -Ixalanc/include -DPROJ_XMLPARSER -DPROJ_XMLUTIL -DPROJ_PARSERS -DPROJ_SAX4C -DPROJ_SAX2 -DPROJ_DOM -DPROJ_VALIDATORS -DXML_USE_INMEM_MESSAGELOADER"
O: OPTIMIZE="-O3 -fno-unsafe-math-optimizations -fcommon -static"
O: CXXOPTIMIZE=""
P: PORTABILITY="-DSPEC_LINUX"
P: CXXPORTABILITY=""
O: EXTRA_CXXFLAGS=""
O: EXTRA_OPTIMIZE="-fno-openmp -DSPEC_SUPPRESS_OPENMP"
O: EXTRA_CXXOPTIMIZE=""
P: EXTRA_PORTABILITY="-DSPEC_LP64"
P: EXTRA_CXXPORTABILITY=""
LINK: "/u/home/hettwer/toolchains/rv64g/bin/riscv64-unknown-linux-gnu-g++     -std=c++03      -O3 -fno-unsafe-math-optimizations -fcommon -static     -DSPEC_LINUX   -fno-openmp -DSPEC_SUPPRESS_OPENMP  <objects>            -o options  "
C: LD="/u/home/hettwer/toolchains/rv64g/bin/riscv64-unknown-linux-gnu-g++     -std=c++03"
O: OPTIMIZE="-O3 -fno-unsafe-math-optimizations -fcommon -static"
P: PORTABILITY="-DSPEC_LINUX"
O: EXTRA_OPTIMIZE="-fno-openmp -DSPEC_SUPPRESS_OPENMP"
C: LDOUT="-o options"
 CXXC_VERSION_OPTION:
Using built-in specs.
COLLECT_GCC=/u/home/hettwer/toolchains/rv64g/bin/riscv64-unknown-linux-gnu-g++
COLLECT_LTO_WRAPPER=/u/home/hettwer/toolchains/rv64g/libexec/gcc/riscv64-unknown-linux-gnu/11.1.0/lto-wrapper
Target: riscv64-unknown-linux-gnu
Configured with: /u/home/hettwer/build-rv64g/../riscv-gnu-toolchain/riscv-gcc/configure --target=riscv64-unknown-linux-gnu --prefix=/u/home/hettwer/toolchains/rv64g --with-sysroot=/u/home/hettwer/toolchains/rv64g/sysroot --with-system-zlib --enable-shared --enable-tls --enable-languages=c,c++,fortran --disable-libmudflap --disable-libssp --disable-libquadmath --disable-libsanitizer --disable-nls --disable-bootstrap --src=../../riscv-gnu-toolchain/riscv-gcc --disable-multilib --with-abi=lp64d --with-arch=rv64imafdc --with-tune=rocket 'CFLAGS_FOR_TARGET=-O2   -mcmodel=medlow' 'CXXFLAGS_FOR_TARGET=-O2   -mcmodel=medlow'
Thread model: posix
Supported LTO compression algorithms: zlib
gcc version 11.1.0 (GCC) 
  Up to date 623.xalancbmk_s base sbt-optimize-all-m64


Setting Up Run Directories
  Setting up 623.xalancbmk_s refspeed (ref) base sbt-optimize-all-m64: run_base_refspeed_sbt-optimize-all-m64.0010
-----------------------------------
Running Benchmarks
-----------------------------------
  Running (#1) 623.xalancbmk_s refspeed (ref) base sbt-optimize-all-m64 threads:32 [2021-10-14 18:05:12]
OpenMP environment variables removed: None
OpenMP environment variables in effect:
	OMP_NUM_THREADS	=> '32'
Pre-run environment changes:
	'OMP_NUM_THREADS' added: (value now '32')
Commands to run (specinvoke command file):
    -r
    -N C
    -C /u/home/hettwer/cpu2017/benchspec/CPU/623.xalancbmk_s/run/run_base_refspeed_sbt-optimize-all-m64.0010
    -o ref-t5.out -e ref-t5.err /u/home/hettwer/cpu2017/runcpu.cross ../run_base_refspeed_sbt-optimize-all-m64.0010/xalancbmk_s_base.sbt-optimize-all-m64 -v t5.xml xalanc.xsl > ref-t5.out 2>> ref-t5.err (timed)
Executing monitor_pre_bench: mv ${commandexe} ${commandexe}.orig ;  /usr/bin/time /u/home/hettwer/sbt/bin/translate --interpreter-only=false --debug=false --optimize=all,!no_hash_lookup,!no_trans_bbs --output=${commandexe}.translated ${commandexe}.orig ;  cp -f ${commandexe}.translated ${commandexe}
Issuing monitor_pre_bench command 'mv ../run_base_refspeed_sbt-optimize-all-m64.0010/xalancbmk_s_base.sbt-optimize-all-m64 ../run_base_refspeed_sbt-optimize-all-m64.0010/xalancbmk_s_base.sbt-optimize-all-m64.orig ;  /usr/bin/time /u/home/hettwer/sbt/bin/translate --interpreter-only=false --debug=false --optimize=all,!no_hash_lookup,!no_trans_bbs --output=../run_base_refspeed_sbt-optimize-all-m64.0010/xalancbmk_s_base.sbt-optimize-all-m64.translated ../run_base_refspeed_sbt-optimize-all-m64.0010/xalancbmk_s_base.sbt-optimize-all-m64.orig ;  cp -f ../run_base_refspeed_sbt-optimize-all-m64.0010/xalancbmk_s_base.sbt-optimize-all-m64.translated ../run_base_refspeed_sbt-optimize-all-m64.0010/xalancbmk_s_base.sbt-optimize-all-m64'
Start monitor_pre_bench command: 2021-10-14 18:05:12 (1634227512.6509)
Translating file "../run_base_refspeed_sbt-optimize-all-m64.0010/xalancbmk_s_base.sbt-optimize-all-m64.orig"
Output written to "../run_base_refspeed_sbt-optimize-all-m64.0010/xalancbmk_s_base.sbt-optimize-all-m64.translated"
Lifting took 17441ms
Generating took 21251ms
54.34user 2.16system 0:51.03elapsed 110%CPU (0avgtext+0avgdata 5694116maxresident)k
26184inputs+565304outputs (0major+2207380minor)pagefaults 0swaps
Stop monitor_pre_bench command: 2021-10-14 18:06:04 (1634227564.87132)
Elapsed time for monitor_pre_bench command: 00:00:52 (52.2204179763794)
Specinvoke: /u/home/hettwer/cpu2017/bin/specinvoke -d /u/home/hettwer/cpu2017/benchspec/CPU/623.xalancbmk_s/run/run_base_refspeed_sbt-optimize-all-m64.0010 -f speccmds.cmd -q -e speccmds.err -o speccmds.stdout
Issuing command '/u/home/hettwer/cpu2017/bin/specinvoke -d /u/home/hettwer/cpu2017/benchspec/CPU/623.xalancbmk_s/run/run_base_refspeed_sbt-optimize-all-m64.0010 -f speccmds.cmd -q -e speccmds.err -o speccmds.stdout'
Start command: 2021-10-14 18:06:04 (1634227564.87925)
Stop command: 2021-10-14 18:17:42 (1634228262.91506)
Elapsed time for command: 00:11:38 (698.035801887512)
Executing monitor_post_bench: cp -f ${commandexe}.orig ${commandexe}
Issuing monitor_post_bench command 'cp -f ../run_base_refspeed_sbt-optimize-all-m64.0010/xalancbmk_s_base.sbt-optimize-all-m64.orig ../run_base_refspeed_sbt-optimize-all-m64.0010/xalancbmk_s_base.sbt-optimize-all-m64'
Start monitor_post_bench command: 2021-10-14 18:17:42 (1634228262.94216)
Stop monitor_post_bench command: 2021-10-14 18:17:43 (1634228263.27068)
Elapsed time for monitor_post_bench command: 00:00:00 (0.328513145446777)
Workload elapsed time (copy 0 workload 1) = 697.864731 seconds
Copy 0 of 623.xalancbmk_s (base refspeed) run 1 finished at 2021-10-14 18:17:42.  Total elapsed time: 697.864731
OpenMP environment variables removed: None
OpenMP environment variables in effect:
	OMP_NUM_THREADS	=> '32'
Pre-run environment changes:
	'OMP_NUM_THREADS' added: (value now '32')
comparing 'ref-t5.out' with 
Specinvoke: /u/home/hettwer/cpu2017/bin/specinvoke -d /u/home/hettwer/cpu2017/benchspec/CPU/623.xalancbmk_s/run/run_base_refspeed_sbt-optimize-all-m64.0010 -f compare.cmd -E -e compare.err -o compare.stdout
Issuing command '/u/home/hettwer/cpu2017/bin/specinvoke -d /u/home/hettwer/cpu2017/benchspec/CPU/623.xalancbmk_s/run/run_base_refspeed_sbt-optimize-all-m64.0010 -f compare.cmd -E -e compare.err -o compare.stdout'
Start command: 2021-10-14 18:17:43 (1634228263.35945)
Stop command: 2021-10-14 18:17:43 (1634228263.73541)
Elapsed time for command: 00:00:00 (0.375955104827881)
Benchmark Times:
  Run Start:    2021-10-14 18:06:04 (1634227564)
  Run Stop:     2021-10-14 18:17:42 (1634228262)
  Run Elapsed:  00:11:38 (698)
  Run Reported: 00:11:37 (697 864799000 697.864799)
 Success 623.xalancbmk_s base refspeed ratio=2.03, runtime=697.864799, copies=1, threads=32, power=0.00W, temp=0.00 degC, humidity=0.00%
-----------------------------------
  Running (#2) 623.xalancbmk_s refspeed (ref) base sbt-optimize-all-m64 threads:32 [2021-10-14 18:17:44]
OpenMP environment variables removed: None
OpenMP environment variables in effect:
	OMP_NUM_THREADS	=> '32'
Pre-run environment changes:
	'OMP_NUM_THREADS' added: (value now '32')
Commands to run (specinvoke command file):
    -r
    -N C
    -C /u/home/hettwer/cpu2017/benchspec/CPU/623.xalancbmk_s/run/run_base_refspeed_sbt-optimize-all-m64.0010
    -o ref-t5.out -e ref-t5.err /u/home/hettwer/cpu2017/runcpu.cross ../run_base_refspeed_sbt-optimize-all-m64.0010/xalancbmk_s_base.sbt-optimize-all-m64 -v t5.xml xalanc.xsl > ref-t5.out 2>> ref-t5.err (timed)
Executing monitor_pre_bench: mv ${commandexe} ${commandexe}.orig ;  /usr/bin/time /u/home/hettwer/sbt/bin/translate --interpreter-only=false --debug=false --optimize=all,!no_hash_lookup,!no_trans_bbs --output=${commandexe}.translated ${commandexe}.orig ;  cp -f ${commandexe}.translated ${commandexe}
Issuing monitor_pre_bench command 'mv ../run_base_refspeed_sbt-optimize-all-m64.0010/xalancbmk_s_base.sbt-optimize-all-m64 ../run_base_refspeed_sbt-optimize-all-m64.0010/xalancbmk_s_base.sbt-optimize-all-m64.orig ;  /usr/bin/time /u/home/hettwer/sbt/bin/translate --interpreter-only=false --debug=false --optimize=all,!no_hash_lookup,!no_trans_bbs --output=../run_base_refspeed_sbt-optimize-all-m64.0010/xalancbmk_s_base.sbt-optimize-all-m64.translated ../run_base_refspeed_sbt-optimize-all-m64.0010/xalancbmk_s_base.sbt-optimize-all-m64.orig ;  cp -f ../run_base_refspeed_sbt-optimize-all-m64.0010/xalancbmk_s_base.sbt-optimize-all-m64.translated ../run_base_refspeed_sbt-optimize-all-m64.0010/xalancbmk_s_base.sbt-optimize-all-m64'
Start monitor_pre_bench command: 2021-10-14 18:17:44 (1634228264.13063)
Translating file "../run_base_refspeed_sbt-optimize-all-m64.0010/xalancbmk_s_base.sbt-optimize-all-m64.orig"
Output written to "../run_base_refspeed_sbt-optimize-all-m64.0010/xalancbmk_s_base.sbt-optimize-all-m64.translated"
Lifting took 17514ms
Generating took 21332ms
54.98user 2.15system 0:51.58elapsed 110%CPU (0avgtext+0avgdata 5693968maxresident)k
26184inputs+565304outputs (0major+2207378minor)pagefaults 0swaps
Stop monitor_pre_bench command: 2021-10-14 18:18:36 (1634228316.92435)
Elapsed time for monitor_pre_bench command: 00:00:52 (52.7937140464783)
Specinvoke: /u/home/hettwer/cpu2017/bin/specinvoke -d /u/home/hettwer/cpu2017/benchspec/CPU/623.xalancbmk_s/run/run_base_refspeed_sbt-optimize-all-m64.0010 -f speccmds.cmd -q -e speccmds.err -o speccmds.stdout
Issuing command '/u/home/hettwer/cpu2017/bin/specinvoke -d /u/home/hettwer/cpu2017/benchspec/CPU/623.xalancbmk_s/run/run_base_refspeed_sbt-optimize-all-m64.0010 -f speccmds.cmd -q -e speccmds.err -o speccmds.stdout'
Start command: 2021-10-14 18:18:36 (1634228316.93139)
Stop command: 2021-10-14 18:30:05 (1634229005.1973)
Elapsed time for command: 00:11:28 (688.265916109085)
Executing monitor_post_bench: cp -f ${commandexe}.orig ${commandexe}
Issuing monitor_post_bench command 'cp -f ../run_base_refspeed_sbt-optimize-all-m64.0010/xalancbmk_s_base.sbt-optimize-all-m64.orig ../run_base_refspeed_sbt-optimize-all-m64.0010/xalancbmk_s_base.sbt-optimize-all-m64'
Start monitor_post_bench command: 2021-10-14 18:30:05 (1634229005.22367)
Stop monitor_post_bench command: 2021-10-14 18:30:05 (1634229005.59453)
Elapsed time for monitor_post_bench command: 00:00:00 (0.370854139328003)
Workload elapsed time (copy 0 workload 1) = 688.086193 seconds
Copy 0 of 623.xalancbmk_s (base refspeed) run 2 finished at 2021-10-14 18:30:05.  Total elapsed time: 688.086193
OpenMP environment variables removed: None
OpenMP environment variables in effect:
	OMP_NUM_THREADS	=> '32'
Pre-run environment changes:
	'OMP_NUM_THREADS' added: (value now '32')
comparing 'ref-t5.out' with 
Specinvoke: /u/home/hettwer/cpu2017/bin/specinvoke -d /u/home/hettwer/cpu2017/benchspec/CPU/623.xalancbmk_s/run/run_base_refspeed_sbt-optimize-all-m64.0010 -f compare.cmd -E -e compare.err -o compare.stdout
Issuing command '/u/home/hettwer/cpu2017/bin/specinvoke -d /u/home/hettwer/cpu2017/benchspec/CPU/623.xalancbmk_s/run/run_base_refspeed_sbt-optimize-all-m64.0010 -f compare.cmd -E -e compare.err -o compare.stdout'
Start command: 2021-10-14 18:30:05 (1634229005.68831)
Stop command: 2021-10-14 18:30:06 (1634229006.58448)
Elapsed time for command: 00:00:00 (0.896162033081055)
Benchmark Times:
  Run Start:    2021-10-14 18:18:36 (1634228316)
  Run Stop:     2021-10-14 18:30:05 (1634229005)
  Run Elapsed:  00:11:29 (689)
  Run Reported: 00:11:28 (688 86272000 688.086272)
 Success 623.xalancbmk_s base refspeed ratio=2.06, runtime=688.086272, copies=1, threads=32, power=0.00W, temp=0.00 degC, humidity=0.00%
Success: 2x623.xalancbmk_s
Producing Raw Reports
 label: sbt-optimize-all-m64
  workload: refspeed (ref)
   benchset: intspeed
NOTICE: sw_compiler001 is longer than 50 characters and will be split
   metric: SPECspeed2017_int_base
    format: raw -> /u/home/hettwer/cpu2017/result/CPU2017.052.intspeed.refspeed.rsf
Parsing flags for 623.xalancbmk_s base: done
Doing flag reduction: done
    format: flags -> /u/home/hettwer/cpu2017/result/CPU2017.052.intspeed.refspeed.flags.html
    format: cfg -> /u/home/hettwer/cpu2017/result/CPU2017.052.intspeed.refspeed.cfg
    format: CSV -> /u/home/hettwer/cpu2017/result/CPU2017.052.intspeed.refspeed.csv
    format: PDF -> /u/home/hettwer/cpu2017/result/CPU2017.052.intspeed.refspeed.pdf
    format: HTML -> /u/home/hettwer/cpu2017/result/CPU2017.052.intspeed.refspeed.html
    format: Text -> /u/home/hettwer/cpu2017/result/CPU2017.052.intspeed.refspeed.txt
   benchset: intrate
   benchset: fpspeed
   benchset: fprate
runcpu finished at 2021-10-14 18:30:10; 1499 total seconds elapsed
Info: file_tail(1569827): file '/u/home/hettwer/cpu2017/tmp/CPU2017.052/templogs/preenv.intspeed.052.0.debug' was removed and will no longer be followed.  No action is required.
The log for this run is in /u/home/hettwer/cpu2017/result/CPU2017.052.log

runcpu finished at 2021-10-14 18:30:10; 1500 total seconds elapsed
